Mplus VERSION 8.5
MUTHEN & MUTHEN
07/21/2025  10:37 AM

INPUT INSTRUCTIONS

  TITLE:
  Multigroup Model;
  DATA:
  FILE = "multigroup_094830f17f97778ea67a789e4962d081.dat";

  VARIABLE:
  NAMES = G X1 X2 X3 X4 X5 X6 Y1 Y2 Y3 Y4 Y5 Y6;
   MISSING=.;

      NAMES = G x1 x2 x3 x4 x5 x6 y1 y2 y3 y4 y5 y6;
      USEVARIABLES = G x1 x2 x3 x4 x5 x6 y1 y2 y3 y4 y5 y6;
      GROUPING = G (1 = group1 2 = group2);
  MODEL:

    MODEL:
      Y BY y1 y2 y3 y4 y5 y6;
      X BY x1* x2 x3 x4 x5 x6;

      Y ON X;

    model group1:

        [Y@0];
        Y;
        [X@0];
        X@1;

    model group2:

        [Y@0];
        Y;
        [X];
        X@1;
  OUTPUT:
  SAMPSTAT STANDARDIZED TECH1 TECH4;

*** ERROR in VARIABLE command
  Duplicate variable on NAMES list:  G
*** ERROR in VARIABLE command
  Duplicate variable on NAMES list:  X1
*** ERROR in VARIABLE command
  Duplicate variable on NAMES list:  X2
*** ERROR in VARIABLE command
  Duplicate variable on NAMES list:  X3
*** ERROR in VARIABLE command
  Duplicate variable on NAMES list:  X4
*** ERROR in VARIABLE command
  Duplicate variable on NAMES list:  X5
*** ERROR in VARIABLE command
  Duplicate variable on NAMES list:  X6
*** ERROR in VARIABLE command
  Duplicate variable on NAMES list:  Y1
*** ERROR in VARIABLE command
  Duplicate variable on NAMES list:  Y2
*** ERROR in VARIABLE command
  Duplicate variable on NAMES list:  Y3
*** ERROR in VARIABLE command
  Duplicate variable on NAMES list:  Y4
*** ERROR in VARIABLE command
  Duplicate variable on NAMES list:  Y5
*** ERROR in VARIABLE command
  Duplicate variable on NAMES list:  Y6


MUTHEN & MUTHEN
3463 Stoner Ave.
Los Angeles, CA  90066

Tel: (310) 391-9971
Fax: (310) 391-8971
Web: www.StatModel.com
Support: Support@StatModel.com

Copyright (c) 1998-2020 Muthen & Muthen
